This is XeTeX, Version 3.14159265-2.6-0.99992 (TeX Live 2015) (preloaded format=xelatex 2015.5.24)  28 SEP 2019 09:19
entering extended mode
 \write18 enabled.
 file:line:error style messages enabled.
 %&-line parsing enabled.
**AndroidService.tex
(./AndroidService.tex
LaTeX2e <2015/01/01>
Babel <3.9l> and hyphenation patterns for 79 languages loaded.
(/usr/local/texlive/2015/texmf-dist/tex/latex/base/article.cls
Document Class: article 2014/09/29 v1.4h Standard LaTeX document class
(/usr/local/texlive/2015/texmf-dist/tex/latex/base/size10.clo
File: size10.clo 2014/09/29 v1.4h Standard LaTeX file (size option)
)
\c@part=\count79
\c@section=\count80
\c@subsection=\count81
\c@subsubsection=\count82
\c@paragraph=\count83
\c@subparagraph=\count84
\c@figure=\count85
\c@table=\count86
\abovecaptionskip=\skip41
\belowcaptionskip=\skip42
\bibindent=\dimen102
)
(/usr/local/texlive/2015/texmf-dist/tex/latex/fontspec/fontspec.sty
Package: fontspec 2015/03/14 v2.4c Font selection for XeLaTeX and LuaLaTeX

(/usr/local/texlive/2015/texmf-dist/tex/latex/l3kernel/expl3.sty
Package: expl3 2015/03/01 v5547 L3 programming layer (loader) 

(/usr/local/texlive/2015/texmf-dist/tex/latex/l3kernel/expl3-code.tex
Package: expl3 2015/03/01 v5547 L3 programming layer (code) 
L3 Module: l3bootstrap 2015/02/28 v5542 L3 Bootstrap code
L3 Module: l3names 2015/02/24 v5535 L3 Namespace for primitives
L3 Module: l3basics 2015/01/27 v5500 L3 Basic definitions
L3 Module: l3expan 2014/11/27 v5472 L3 Argument expansion
L3 Module: l3tl 2015/01/27 v5500 L3 Token lists
L3 Module: l3str 2015/03/01 v5545 L3 Strings
L3 Module: l3seq 2014/08/23 v5354 L3 Sequences and stacks
L3 Module: l3int 2015/02/21 v5529 L3 Integers
\c_max_int=\count87
\l_tmpa_int=\count88
\l_tmpb_int=\count89
\g_tmpa_int=\count90
\g_tmpb_int=\count91
L3 Module: l3quark 2014/08/23 v5354 L3 Quarks
L3 Module: l3prg 2014/08/23 v5354 L3 Control structures
\g__prg_map_int=\count92
L3 Module: l3clist 2014/08/23 v5354 L3 Comma separated lists
L3 Module: l3token 2014/09/15 v5422 L3 Experimental token manipulation
L3 Module: l3prop 2014/08/23 v5354 L3 Property lists
L3 Module: l3msg 2015/02/26 v5537 L3 Messages
L3 Module: l3file 2014/08/24 v5369 L3 File and I/O operations
\l_iow_line_count_int=\count93
\l__iow_target_count_int=\count94
\l__iow_current_line_int=\count95
\l__iow_current_word_int=\count96
\l__iow_current_indentation_int=\count97
L3 Module: l3skip 2014/08/23 v5354 L3 Dimensions and skips
\c_zero_dim=\dimen103
\c_max_dim=\dimen104
\l_tmpa_dim=\dimen105
\l_tmpb_dim=\dimen106
\g_tmpa_dim=\dimen107
\g_tmpb_dim=\dimen108
\c_zero_skip=\skip43
\c_max_skip=\skip44
\l_tmpa_skip=\skip45
\l_tmpb_skip=\skip46
\g_tmpa_skip=\skip47
\g_tmpb_skip=\skip48
\c_zero_muskip=\muskip10
\c_max_muskip=\muskip11
\l_tmpa_muskip=\muskip12
\l_tmpb_muskip=\muskip13
\g_tmpa_muskip=\muskip14
\g_tmpb_muskip=\muskip15
L3 Module: l3keys 2015/01/27 v5500 L3 Key-value interfaces
\g__keyval_level_int=\count98
\l_keys_choice_int=\count99
L3 Module: l3fp 2014/08/22 v5336 L3 Floating points
\c__fp_leading_shift_int=\count100
\c__fp_middle_shift_int=\count101
\c__fp_trailing_shift_int=\count102
\c__fp_big_leading_shift_int=\count103
\c__fp_big_middle_shift_int=\count104
\c__fp_big_trailing_shift_int=\count105
\c__fp_Bigg_leading_shift_int=\count106
\c__fp_Bigg_middle_shift_int=\count107
\c__fp_Bigg_trailing_shift_int=\count108
L3 Module: l3box 2014/08/23 v5354 L3 Experimental boxes
\c_empty_box=\box26
\l_tmpa_box=\box27
\l_tmpb_box=\box28
\g_tmpa_box=\box29
\g_tmpb_box=\box30
L3 Module: l3coffins 2014/08/23 v5354 L3 Coffin code layer
\l__coffin_internal_box=\box31
\l__coffin_internal_dim=\dimen109
\l__coffin_offset_x_dim=\dimen110
\l__coffin_offset_y_dim=\dimen111
\l__coffin_x_dim=\dimen112
\l__coffin_y_dim=\dimen113
\l__coffin_x_prime_dim=\dimen114
\l__coffin_y_prime_dim=\dimen115
\c_empty_coffin=\box32
\l__coffin_aligned_coffin=\box33
\l__coffin_aligned_internal_coffin=\box34
\l_tmpa_coffin=\box35
\l_tmpb_coffin=\box36
\l__coffin_display_coffin=\box37
\l__coffin_display_coord_coffin=\box38
\l__coffin_display_pole_coffin=\box39
\l__coffin_display_offset_dim=\dimen116
\l__coffin_display_x_dim=\dimen117
\l__coffin_display_y_dim=\dimen118
L3 Module: l3color 2014/08/23 v5354 L3 Experimental color support
L3 Module: l3candidates 2015/03/01 v5544 L3 Experimental additions to l3kernel
\l__box_top_dim=\dimen119
\l__box_bottom_dim=\dimen120
\l__box_left_dim=\dimen121
\l__box_right_dim=\dimen122
\l__box_top_new_dim=\dimen123
\l__box_bottom_new_dim=\dimen124
\l__box_left_new_dim=\dimen125
\l__box_right_new_dim=\dimen126
\l__box_internal_box=\box40
\l__coffin_bounding_shift_dim=\dimen127
\l__coffin_left_corner_dim=\dimen128
\l__coffin_right_corner_dim=\dimen129
\l__coffin_bottom_corner_dim=\dimen130
\l__coffin_top_corner_dim=\dimen131
\l__coffin_scaled_total_height_dim=\dimen132
\l__coffin_scaled_width_dim=\dimen133
)
(/usr/local/texlive/2015/texmf-dist/tex/latex/l3kernel/l3unicode-data.def
File: l3unicode-data.def 2015/03/01 v5544 L3 Unicode data
)
(/usr/local/texlive/2015/texmf-dist/tex/latex/l3kernel/l3xdvipdfmx.def
File: l3xdvidpfmx.def 2015/03/01 v5544 L3 Experimental driver: xdvipdfmx
))
(/usr/local/texlive/2015/texmf-dist/tex/latex/l3packages/xparse/xparse.sty
Package: xparse 2014/11/25 v5471 L3 Experimental document command parser
\l__xparse_current_arg_int=\count109
\l__xparse_m_args_int=\count110
\l__xparse_mandatory_args_int=\count111
\l__xparse_processor_int=\count112
\l__xparse_v_nesting_int=\count113
)
\l_fontspec_script_int=\count114
\l_fontspec_language_int=\count115
\l_fontspec_strnum_int=\count116
\l__fontspec_tmpa_dim=\dimen134
\l__fontspec_tmpb_dim=\dimen135
\l__fontspec_tmpc_dim=\dimen136
Variant \tl_gset:cV already defined; not changing it on line 71

(/usr/local/texlive/2015/texmf-dist/tex/latex/fontspec/fontspec-patches.sty
Package: fontspec-patches 2015/03/14 v2.4c Font selection for XeLaTeX and LuaLa
TeX
LaTeX Info: Redefining \em on input line 49.
LaTeX Info: Redefining \emph on input line 57.
LaTeX Info: Redefining \- on input line 60.
.................................................
. LaTeX info: "xparse/redefine-command"
. 
. Redefining command \oldstylenums with sig. 'm' on line 155.
.................................................
.................................................
. LaTeX info: "xparse/define-command"
. 
. Defining command \liningnums with sig. 'm' on line 159.
.................................................
)
(/usr/local/texlive/2015/texmf-dist/tex/latex/fontspec/fontspec-xetex.sty
Package: fontspec-xetex 2015/03/14 v2.4c Font selection for XeLaTeX and LuaLaTe
X

(/usr/local/texlive/2015/texmf-dist/tex/latex/base/fontenc.sty
Package: fontenc 2005/09/27 v1.99g Standard LaTeX package

(/usr/local/texlive/2015/texmf-dist/tex/latex/euenc/eu1enc.def
File: eu1enc.def 2010/05/27 v0.1h Experimental Unicode font encodings
)
LaTeX Font Info:    Try loading font information for EU1+lmr on input line 105.


(/usr/local/texlive/2015/texmf-dist/tex/latex/euenc/eu1lmr.fd
File: eu1lmr.fd 2009/10/30 v1.6 Font defs for Latin Modern
))
(/usr/local/texlive/2015/texmf-dist/tex/xelatex/xunicode/xunicode.sty
File: xunicode.sty 2011/09/09 v0.981 provides access to latin accents and many 
other characters in Unicode lower plane

(/usr/local/texlive/2015/texmf-dist/tex/latex/tipa/t3enc.def
File: t3enc.def 2001/12/31 T3 encoding
LaTeX Font Info:    Try loading font information for EU1+lmss on input line 357
.

(/usr/local/texlive/2015/texmf-dist/tex/latex/euenc/eu1lmss.fd
File: eu1lmss.fd 2009/10/30 v1.6 Font defs for Latin Modern
))
\tipaTiiicode=\count117
\tipasavetokens=\toks14
\tipachecktokens=\toks15

(/usr/local/texlive/2015/texmf-dist/tex/latex/graphics/graphicx.sty
Package: graphicx 2014/10/28 v1.0g Enhanced LaTeX Graphics (DPC,SPQR)

(/usr/local/texlive/2015/texmf-dist/tex/latex/graphics/keyval.sty
Package: keyval 2014/10/28 v1.15 key=value parser (DPC)
\KV@toks@=\toks16
)
(/usr/local/texlive/2015/texmf-dist/tex/latex/graphics/graphics.sty
Package: graphics 2014/10/28 v1.0p Standard LaTeX Graphics (DPC,SPQR)

(/usr/local/texlive/2015/texmf-dist/tex/latex/graphics/trig.sty
Package: trig 1999/03/16 v1.09 sin cos tan (DPC)
)
(/usr/local/texlive/2015/texmf-dist/tex/latex/latexconfig/graphics.cfg
File: graphics.cfg 2010/04/23 v1.9 graphics configuration of TeX Live
)
Package graphics Info: Driver file: xetex.def on input line 94.

(/usr/local/texlive/2015/texmf-dist/tex/xelatex/xetex-def/xetex.def
File: xetex.def 2015/03/25 v4.04 LaTeX color/graphics driver for XeTeX (TeX Liv
e/RRM/JK)
))
\Gin@req@height=\dimen137
\Gin@req@width=\dimen138
))
.................................................
. LaTeX info: "xparse/define-command"
. 
. Defining command \__fontspec_post_arg:w with sig. 'mmO{}' on line 42.
.................................................
.................................................
. LaTeX info: "xparse/define-command"
. 
. Defining command \fontspec with sig. 'om' on line 44.
.................................................
.................................................
. LaTeX info: "xparse/define-command"
. 
. Defining command \setmainfont with sig. 'om' on line 54.
.................................................
.................................................
. LaTeX info: "xparse/define-command"
. 
. Defining command \setsansfont with sig. 'om' on line 64.
.................................................
.................................................
. LaTeX info: "xparse/define-command"
. 
. Defining command \setmonofont with sig. 'om' on line 74.
.................................................
.................................................
. LaTeX info: "xparse/define-command"
. 
. Defining command \setmathrm with sig. 'om' on line 88.
.................................................
.................................................
. LaTeX info: "xparse/define-command"
. 
. Defining command \setboldmathrm with sig. 'om' on line 96.
.................................................
.................................................
. LaTeX info: "xparse/define-command"
. 
. Defining command \setmathsf with sig. 'om' on line 104.
.................................................
.................................................
. LaTeX info: "xparse/define-command"
. 
. Defining command \setmathtt with sig. 'om' on line 112.
.................................................
.................................................
. LaTeX info: "xparse/define-command"
. 
. Defining command \newfontfamily with sig. 'mom' on line 126.
.................................................
.................................................
. LaTeX info: "xparse/define-command"
. 
. Defining command \newfontface with sig. 'mom' on line 141.
.................................................
.................................................
. LaTeX info: "xparse/define-command"
. 
. Defining command \defaultfontfeatures with sig. 't+om' on line 155.
.................................................
.................................................
. LaTeX info: "xparse/define-command"
. 
. Defining command \addfontfeatures with sig. 'm' on line 210.
.................................................
.................................................
. LaTeX info: "xparse/define-command"
. 
. Defining command \newfontfeature with sig. 'mm' on line 221.
.................................................
.................................................
. LaTeX info: "xparse/define-command"
. 
. Defining command \newAATfeature with sig. 'mmmm' on line 229.
.................................................
.................................................
. LaTeX info: "xparse/define-command"
. 
. Defining command \newopentypefeature with sig. 'mmm' on line 237.
.................................................
.................................................
. LaTeX info: "xparse/define-command"
. 
. Defining command \aliasfontfeature with sig. 'mm' on line 261.
.................................................
.................................................
. LaTeX info: "xparse/define-command"
. 
. Defining command \aliasfontfeatureoption with sig. 'mmm' on line 270.
.................................................
.................................................
. LaTeX info: "xparse/define-command"
. 
. Defining command \newfontscript with sig. 'mm' on line 275.
.................................................
.................................................
. LaTeX info: "xparse/define-command"
. 
. Defining command \newfontlanguage with sig. 'mm' on line 301.
.................................................
.................................................
. LaTeX info: "xparse/define-command"
. 
. Defining command \DeclareFontsExtensions with sig. 'm' on line 321.
.................................................
Variant \prop_gput:cnV already defined; not changing it on line 704
Variant \prop_gput:cnx already defined; not changing it on line 705
\l__fontspec_tmp_int=\count118
LaTeX Info: Redefining \itshape on input line 2232.
LaTeX Info: Redefining \slshape on input line 2237.
LaTeX Info: Redefining \scshape on input line 2242.
LaTeX Info: Redefining \upshape on input line 2247.

(/usr/local/texlive/2015/texmf-dist/tex/latex/fontspec/fontspec.cfg)))
(/usr/local/texlive/2015/texmf-dist/tex/latex/xcolor/xcolor.sty
Package: xcolor 2007/01/21 v2.11 LaTeX color extensions (UK)

(/usr/local/texlive/2015/texmf-dist/tex/latex/latexconfig/color.cfg
File: color.cfg 2007/01/18 v1.5 color configuration of teTeX/TeXLive
)
Package xcolor Info: Driver file: xetex.def on input line 225.
Package xcolor Info: Model `cmy' substituted by `cmy0' on input line 1337.
Package xcolor Info: Model `RGB' extended on input line 1353.
Package xcolor Info: Model `HTML' substituted by `rgb' on input line 1355.
Package xcolor Info: Model `Hsb' substituted by `hsb' on input line 1356.
Package xcolor Info: Model `tHsb' substituted by `hsb' on input line 1357.
Package xcolor Info: Model `HSB' substituted by `hsb' on input line 1358.
Package xcolor Info: Model `Gray' substituted by `gray' on input line 1359.
Package xcolor Info: Model `wave' substituted by `hsb' on input line 1360.
)
(/usr/local/texlive/2015/texmf-dist/tex/xelatex/xecjk/xeCJK.sty
Package: xeCJK 2015/05/15 v3.3.2 Typesetting CJK scripts with XeLaTeX

(/usr/local/texlive/2015/texmf-dist/tex/latex/l3packages/xtemplate/xtemplate.st
y
Package: xtemplate 2014/11/25 v5471 L3 Experimental prototype document function
s
\l__xtemplate_tmp_dim=\dimen139
\l__xtemplate_tmp_int=\count119
\l__xtemplate_tmp_muskip=\muskip16
\l__xtemplate_tmp_skip=\skip49
Variant \prop_get:NoNTF already defined; not changing it on line 106
Variant \prop_get:NoNT already defined; not changing it on line 107
Variant \prop_get:NoNF already defined; not changing it on line 108
)
(/usr/local/texlive/2015/texmf-dist/tex/latex/l3packages/l3keys2e/l3keys2e.sty
Package: l3keys2e 2014/11/25 v5471 LaTeX2e option processing using LaTeX3 keys
)
\l__xeCJK_tmp_int=\count120
\l__xeCJK_tmp_box=\box41
\l__xeCJK_tmp_dim=\dimen140
\l__xeCJK_tmp_skip=\skip50
.................................................
. LaTeX info: "xparse/define-command"
. 
. Defining command \xeCJKShipoutHook with sig. '' on line 151.
.................................................
\g__xeCJK_spacefactor_int=\count121
\l__xeCJK_begin_int=\count122
\l__xeCJK_end_int=\count123
.................................................
. LaTeX info: "xparse/define-command"
. 
. Defining command \makexeCJKactive with sig. '' on line 383.
.................................................
.................................................
. LaTeX info: "xparse/define-command"
. 
. Defining command \makexeCJKinactive with sig. '' on line 384.
.................................................
\c__xeCJK_HalfLeft_class_int=\XeTeXcharclass4
\c__xeCJK_HalfRight_class_int=\XeTeXcharclass5
\c__xeCJK_NormalSpace_class_int=\XeTeXcharclass6
\c__xeCJK_CM_class_int=\XeTeXcharclass7
\c__xeCJK_HangulJamo_class_int=\XeTeXcharclass8
.................................................
. LaTeX info: "xparse/define-command"
. 
. Defining command \xeCJKDeclareCharClass with sig. 's>{\TrimSpaces }mm' on
. line 543.
.................................................
.................................................
. LaTeX info: "xparse/define-command"
. 
. Defining command \__xeCJK_set_char_class_aux:Nnw with sig.
. 'm>{\SplitArgument {1}{->}}m' on line 560.
.................................................
.................................................
. LaTeX info: "xparse/define-command"
. 
. Defining command \normalspacedchars with sig. 'm' on line 602.
.................................................
.................................................
. LaTeX info: "xparse/define-command"
. 
. Defining command \xeCJKResetPunctClass with sig. '' on line 609.
.................................................
.................................................
. LaTeX info: "xparse/define-command"
. 
. Defining command \xeCJKResetCharClass with sig. '' on line 617.
.................................................
\g__xeCJK_node_int=\count124
\c__xeCJK_CJK_node_dim=\dimen141
\c__xeCJK_CJK-space_node_dim=\dimen142
\c__xeCJK_default_node_dim=\dimen143
\c__xeCJK_default-space_node_dim=\dimen144
\c__xeCJK_CJK-widow_node_dim=\dimen145
\c__xeCJK_normalspace_node_dim=\dimen146
\l__xeCJK_ccglue_skip=\skip51
\l__xeCJK_ecglue_skip=\skip52
.................................................
. LaTeX info: "xparse/define-command"
. 
. Defining command \xeCJKnobreak with sig. '' on line 1394.
.................................................
\l__xeCJK_widow_penalty_int=\count125
.................................................
. LaTeX info: "xparse/define-command"
. 
. Defining command \xeCJKDeclareSubCJKBlock with sig. 's>{\TrimSpaces
. }m>{\TrimSpaces }m' on line 1590.
.................................................
.................................................
. LaTeX info: "xparse/define-command"
. 
. Defining command \xeCJKCancelSubCJKBlock with sig. 'sm' on line 1601.
.................................................
.................................................
. LaTeX info: "xparse/define-command"
. 
. Defining command \xeCJKRestoreSubCJKBlock with sig. 'sm' on line 1610.
.................................................
.................................................
. LaTeX info: "xparse/define-command"
. 
. Defining command \xeCJKsetwidth with sig. 'smm' on line 1708.
.................................................
.................................................
. LaTeX info: "xparse/define-command"
. 
. Defining command \xeCJKsetkern with sig. 'mmm' on line 1712.
.................................................
.................................................
. xtemplate info: "declare-object-type"
. 
. Declaring object type 'xeCJK/punctuation' taking \c_zero  argument(s) on
. line 1813.
.................................................
\l__xeCJK_fixed_punct_width_dim=\dimen147
\l__xeCJK_mixed_punct_width_dim=\dimen148
\l__xeCJK_middle_punct_width_dim=\dimen149
\l__xeCJK_fixed_margin_width_dim=\dimen150
\l__xeCJK_mixed_margin_width_dim=\dimen151
\l__xeCJK_middle_margin_width_dim=\dimen152
\l__xeCJK_bound_punct_width_dim=\dimen153
\l__xeCJK_bound_margin_width_dim=\dimen154
\l__xeCJK_margin_minimum_dim=\dimen155
\l__xeCJK_kerning_total_width_dim=\dimen156
\l__xeCJK_same_align_margin_dim=\dimen157
\l__xeCJK_different_align_margin_dim=\dimen158
\l__xeCJK_kerning_margin_width_dim=\dimen159
\l__xeCJK_kerning_margin_minimum_dim=\dimen160
\l__xeCJK_bound_dim=\dimen161
\l__xeCJK_reverse_bound_dim=\dimen162
.................................................
. LaTeX info: "xparse/define-command"
. 
. Defining command \xeCJKDeclarePunctStyle with sig. '>{\TrimSpaces }mm' on
. line 2298.
.................................................
.................................................
. LaTeX info: "xparse/define-command"
. 
. Defining command \xeCJKEditPunctStyle with sig. '>{\TrimSpaces }mm' on line
. 2311.
.................................................
.................................................
. LaTeX info: "xparse/define-command"
. 
. Defining command \setCJKfallbackfamilyfont with sig. 'mO{}m' on line 2399.
.................................................
\g__xeCJK_family_int=\count126
.................................................
. LaTeX info: "xparse/define-command"
. 
. Defining command \CJKfamily with sig. 't+t-m' on line 2823.
.................................................
.................................................
. LaTeX info: "xparse/define-command"
. 
. Defining command \__xeCJK_gobble_CJKfamily:wn with sig. 't+t-m' on line
. 2837.
.................................................
.................................................
. LaTeX info: "xparse/define-command"
. 
. Defining command \setCJKmainfont with sig. 'O{}m' on line 2887.
.................................................
.................................................
. LaTeX info: "xparse/define-command"
. 
. Defining command \setCJKsansfont with sig. 'O{}m' on line 2893.
.................................................
.................................................
. LaTeX info: "xparse/define-command"
. 
. Defining command \setCJKmonofont with sig. 'O{}m' on line 2898.
.................................................
.................................................
. LaTeX info: "xparse/define-command"
. 
. Defining command \setCJKfamilyfont with sig. 'mO{}m' on line 2905.
.................................................
.................................................
. LaTeX info: "xparse/define-command"
. 
. Defining command \newCJKfontfamily with sig. 'omO{}m' on line 2911.
.................................................
.................................................
. LaTeX info: "xparse/define-command"
. 
. Defining command \CJKfontspec with sig. 'O{}m' on line 2916.
.................................................
.................................................
. LaTeX info: "xparse/define-command"
. 
. Defining command \defaultCJKfontfeatures with sig. 'm' on line 2939.
.................................................
.................................................
. LaTeX info: "xparse/define-command"
. 
. Defining command \addCJKfontfeatures with sig. 'sO{}m' on line 2945.
.................................................
.................................................
. LaTeX info: "xparse/define-command"
. 
. Defining command \setCJKmathfont with sig. 'O{}m' on line 3115.
.................................................
\l__xeCJK_verb_case_int=\count127
.................................................
. LaTeX info: "xparse/define-command"
. 
. Defining command \xeCJKVerbAddon with sig. '' on line 3268.
.................................................
.................................................
. LaTeX info: "xparse/define-command"
. 
. Defining command \xeCJKOffVerbAddon with sig. '' on line 3272.
.................................................
\l__xeCJK_verb_exspace_skip=\skip53
(/usr/local/texlive/2015/texmf-dist/tex/xelatex/xecjk/xunicode-addon.sty
Package: xunicode-addon 2015/05/15 v3.3.2 addon file for xunicode
.................................................
. LaTeX info: "xparse/redefine-command"
. 
. Redefining command \ReloadXunicode with sig. 'm' on line 89.
.................................................
.................................................
. LaTeX info: "xparse/redefine-command"
. 
. Redefining command \DeclareUTFmathsymbols with sig. 'm' on line 124.
.................................................
.................................................
. LaTeX info: "xparse/redefine-command"
. 
. Redefining command \UseMathAsText with sig. '' on line 133.
.................................................
.................................................
. LaTeX info: "xparse/redefine-command"
. 
. Redefining command \UndeclareUTFcharacter with sig. 'O{\UTFencname }mm' on
. line 168.
.................................................
.................................................
. LaTeX info: "xparse/redefine-command"
. 
. Redefining command \UndeclareUTFcomposite with sig. 'O{\UTFencname }mmm' on
. line 175.
.................................................
.................................................
. LaTeX info: "xparse/redefine-command"
. 
. Redefining command \DeclareUTFcharacter with sig. 'O{\UTFencname }mm' on
. line 202.
.................................................
.................................................
. LaTeX info: "xparse/define-command"
. 
. Defining command \DeclareUTFSymbol with sig. 'mO{\UTFencname }m' on line
. 228.
.................................................
.................................................
. LaTeX info: "xparse/define-command"
. 
. Defining command \DeclareUTFCommand with sig. 'mO{\UTFencname }m' on line
. 230.
.................................................
.................................................
. LaTeX info: "xparse/redefine-command"
. 
. Redefining command \DeclareUTFcomposite with sig. 'O{\UTFencname }mmm' on
. line 273.
.................................................
.................................................
. LaTeX info: "xparse/define-command"
. 
. Defining command \DeclareUTFCompositeCommand with sig. 'mO{\UTFencname }mm'
. on line 286.
.................................................
.................................................
. LaTeX info: "xparse/define-command"
. 
. Defining command \DeclareUTFCompositeSymbol with sig. 'mO{\UTFencname }mm'
. on line 291.
.................................................
.................................................
. LaTeX info: "xparse/define-command"
. 
. Defining command \DeclareUTFComposite with sig. 'mO{\UTFencname }' on line
. 293.
.................................................
.................................................
. LaTeX info: "xparse/define-command"
. 
. Defining command \DeclareUTFEncodedAccent with sig. 'mO{\UTFencname }mm' on
. line 295.
.................................................
.................................................
. LaTeX info: "xparse/define-command"
. 
. Defining command \DeclareUTFEncodedAccents with sig. 'mO{\UTFencname }mm' on
. line 297.
.................................................
.................................................
. LaTeX info: "xparse/define-command"
. 
. Defining command \DeclareUTFEncodedSymbol with sig. 'mO{\UTFencname }mm' on
. line 299.
.................................................
.................................................
. LaTeX info: "xparse/define-command"
. 
. Defining command \DeclareUTFEncodedCircle with sig. 'mO{\UTFencname }mm' on
. line 301.
.................................................
.................................................
. LaTeX info: "xparse/redefine-command"
. 
. Redefining command \DeclareEncodedCompositeCharacter with sig. 'mmmm' on
. line 303.
.................................................
.................................................
. LaTeX info: "xparse/redefine-command"
. 
. Redefining command \DeclareEncodedCompositeAccents with sig. 'mmmm' on line
. 305.
.................................................
.................................................
. LaTeX info: "xparse/define-command"
. 
. Defining command \DeclareUTFDoubleEncodedAccent with sig. 'mO{\UTFencname
. }mm' on line 307.
.................................................
.................................................
. LaTeX info: "xparse/define-command"
. 
. Defining command \DeclareUTFDoubleEncodedSymbol with sig. 'mO{\UTFencname
. }mm' on line 309.
.................................................
\l__xunadd_tmp_coffin=\box42
\l__xunadd_circle_coffin=\box43
.................................................
. LaTeX info: "xparse/define-command"
. 
. Defining command \settextcircledratio with sig. 'm' on line 460.
.................................................
.................................................
. LaTeX info: "xparse/define-command"
. 
. Defining command \AtBeginUTFCommand with sig. 'sO{}+m' on line 529.
.................................................
.................................................
. LaTeX info: "xparse/define-command"
. 
. Defining command \AtEndUTFCommand with sig. 'sO{}+m' on line 539.
.................................................
.................................................
. LaTeX info: "xparse/define-command"
. 
. Defining command \DeclareUTFTIPACommand with sig. 'O{\UTFencname }m' on line
. 571.
.................................................
)
\g__file_internal_ior=\read1

(/usr/local/texlive/2015/texmf-dist/tex/xelatex/xunicode/xunicode.sty
File: xunicode.sty 2011/09/09 v0.981 provides access to latin accents and many 
other characters in Unicode lower plane

*** Reloading Xunicode for encoding 'EU1' ***
) (/usr/local/texlive/2015/texmf-dist/tex/xelatex/xecjk/xunicode-extra.def
File: xunicode-extra.def 2015/05/15 v3.3.2 extra definition for xunicode
)
.................................................
. LaTeX info: "xparse/define-command"
. 
. Defining command \xeCJKsetup with sig. '+m' on line 3572.
.................................................
.................................................
. LaTeX info: "xparse/define-command"
. 
. Defining command \xeCJKsetemboldenfactor with sig. 'm' on line 3574.
.................................................
.................................................
. LaTeX info: "xparse/define-command"
. 
. Defining command \xeCJKsetslantfactor with sig. 'm' on line 3576.
.................................................
.................................................
. LaTeX info: "xparse/define-command"
. 
. Defining command \punctstyle with sig. 'm' on line 3577.
.................................................
.................................................
. LaTeX info: "xparse/define-command"
. 
. Defining command \xeCJKplainchr with sig. '' on line 3578.
.................................................
.................................................
. LaTeX info: "xparse/define-command"
. 
. Defining command \CJKsetecglue with sig. 'm' on line 3579.
.................................................
.................................................
. LaTeX info: "xparse/define-command"
. 
. Defining command \CJKspace with sig. '' on line 3581.
.................................................
.................................................
. LaTeX info: "xparse/define-command"
. 
. Defining command \CJKnospace with sig. '' on line 3582.
.................................................
.................................................
. LaTeX info: "xparse/define-command"
. 
. Defining command \xeCJKallowbreakbetweenpuncts with sig. '' on line 3584.
.................................................
.................................................
. LaTeX info: "xparse/define-command"
. 
. Defining command \xeCJKnobreakbetweenpuncts with sig. '' on line 3586.
.................................................
.................................................
. LaTeX info: "xparse/define-command"
. 
. Defining command \xeCJKenablefallback with sig. '' on line 3588.
.................................................
.................................................
. LaTeX info: "xparse/define-command"
. 
. Defining command \xeCJKdisablefallback with sig. '' on line 3590.
.................................................
.................................................
. LaTeX info: "xparse/define-command"
. 
. Defining command \xeCJKsetcharclass with sig. 'mmm' on line 3595.
.................................................
.................................................
. LaTeX info: "xparse/redefine-command"
. 
. Redefining command \nobreakspace with sig. '' on line 3714.
.................................................
.................................................
. LaTeX info: "xparse/redefine-command"
. 
. Redefining command \fontfamily with sig. 'm' on line 3760.
.................................................

(/usr/local/texlive/2015/texmf-dist/tex/xelatex/xecjk/xeCJK.cfg
File: xeCJK.cfg 2015/05/15 v3.3.2 Configuration file for xeCJK package
))
*************************************************
* fontspec warning: "script-not-exist"
* 
* Font 'STSong' does not contain script 'CJK'.
*************************************************
\g__fontspec_family_STSong_int=\count128
.................................................
. fontspec info: "no-font-shape"
. 
. Could not resolve font STFangsong/B (it probably doesn't exist).
.................................................
.................................................
. fontspec info: "no-font-shape"
. 
. Could not resolve font Heiti SC/I (it probably doesn't exist).
.................................................
.................................................
. fontspec info: "no-font-shape"
. 
. Could not resolve font STSong/BI (it probably doesn't exist).
.................................................
.................................................
. fontspec info: "defining-font"
. 
. Font family 'STSong(0)' created for font 'STSong' with options
. [Script={CJK},BoldFont={Heiti SC},ItalicFont={STFangsong}].
. 
. This font family consists of the following shapes:
. 
. * 'normal' with NFSS spec.:
. <->"STSong/OT:"
. 
. * 'small caps' with NFSS spec.:
. 
. and font adjustment code:
. 
. 
. * 'bold' with NFSS spec.:
. <->"Heiti SC/OT:"
. 
. * 'bold small caps' with NFSS spec.:
. 
. and font adjustment code:
. 
. 
. * 'italic' with NFSS spec.:
. <->"STFangsong/OT:"
. 
. * 'small caps' with NFSS spec.:
. 
. and font adjustment code:
. 
.................................................
(/usr/local/texlive/2015/texmf-dist/tex/latex/multirow/multirow.sty
\bigstrutjot=\dimen163
)
(/usr/local/texlive/2015/texmf-dist/tex/latex/tools/multicol.sty
Package: multicol 2015/03/31 v1.8m multicolumn formatting (FMi)
\c@tracingmulticols=\count129
\mult@box=\box44
\multicol@leftmargin=\dimen164
\c@unbalance=\count130
\c@collectmore=\count131
\doublecol@number=\count132
\multicoltolerance=\count133
\multicolpretolerance=\count134
\full@width=\dimen165
\page@free=\dimen166
\premulticols=\dimen167
\postmulticols=\dimen168
\multicolsep=\skip54
\multicolbaselineskip=\skip55
\partial@page=\box45
\last@line=\box46
\maxbalancingoverflow=\dimen169
\mult@rightbox=\box47
\mult@grightbox=\box48
\mult@gfirstbox=\box49
\mult@firstbox=\box50
\@tempa=\box51
\@tempa=\box52
\@tempa=\box53
\@tempa=\box54
\@tempa=\box55
\@tempa=\box56
\@tempa=\box57
\@tempa=\box58
\@tempa=\box59
\@tempa=\box60
\@tempa=\box61
\@tempa=\box62
\@tempa=\box63
\@tempa=\box64
\@tempa=\box65
\@tempa=\box66
\@tempa=\box67
\c@columnbadness=\count135
\c@finalcolumnbadness=\count136
\last@try=\dimen170
\multicolovershoot=\dimen171
\multicolundershoot=\dimen172
\mult@nat@firstbox=\box68
\colbreak@box=\box69
\mc@col@check@num=\count137
)
(/usr/local/texlive/2015/texmf-dist/tex/latex/float/float.sty
Package: float 2001/11/08 v1.3d Float enhancements (AL)
\c@float@type=\count138
\float@exts=\toks17
\float@box=\box70
\@float@everytoks=\toks18
\@floatcapt=\box71
)
(/usr/local/texlive/2015/texmf-dist/tex/latex/base/textcomp.sty
Package: textcomp 2005/09/27 v1.99g Standard LaTeX package
Package textcomp Info: Sub-encoding information:
(textcomp)               5 = only ISO-Adobe without \textcurrency
(textcomp)               4 = 5 + \texteuro
(textcomp)               3 = 4 + \textohm
(textcomp)               2 = 3 + \textestimated + \textcurrency
(textcomp)               1 = TS1 - \textcircled - \t
(textcomp)               0 = TS1 (full)
(textcomp)             Font families with sub-encoding setting implement
(textcomp)             only a restricted character set as indicated.
(textcomp)             Family '?' is the default used for unknown fonts.
(textcomp)             See the documentation for details.
Package textcomp Info: Setting ? sub-encoding to TS1/1 on input line 79.

(/usr/local/texlive/2015/texmf-dist/tex/latex/base/ts1enc.def
File: ts1enc.def 2001/06/05 v3.0e (jk/car/fm) Standard LaTeX file
)
LaTeX Info: Redefining \oldstylenums on input line 334.
Package textcomp Info: Setting cmr sub-encoding to TS1/0 on input line 349.
Package textcomp Info: Setting cmss sub-encoding to TS1/0 on input line 350.
Package textcomp Info: Setting cmtt sub-encoding to TS1/0 on input line 351.
Package textcomp Info: Setting cmvtt sub-encoding to TS1/0 on input line 352.
Package textcomp Info: Setting cmbr sub-encoding to TS1/0 on input line 353.
Package textcomp Info: Setting cmtl sub-encoding to TS1/0 on input line 354.
Package textcomp Info: Setting ccr sub-encoding to TS1/0 on input line 355.
Package textcomp Info: Setting ptm sub-encoding to TS1/4 on input line 356.
Package textcomp Info: Setting pcr sub-encoding to TS1/4 on input line 357.
Package textcomp Info: Setting phv sub-encoding to TS1/4 on input line 358.
Package textcomp Info: Setting ppl sub-encoding to TS1/3 on input line 359.
Package textcomp Info: Setting pag sub-encoding to TS1/4 on input line 360.
Package textcomp Info: Setting pbk sub-encoding to TS1/4 on input line 361.
Package textcomp Info: Setting pnc sub-encoding to TS1/4 on input line 362.
Package textcomp Info: Setting pzc sub-encoding to TS1/4 on input line 363.
Package textcomp Info: Setting bch sub-encoding to TS1/4 on input line 364.
Package textcomp Info: Setting put sub-encoding to TS1/5 on input line 365.
Package textcomp Info: Setting uag sub-encoding to TS1/5 on input line 366.
Package textcomp Info: Setting ugq sub-encoding to TS1/5 on input line 367.
Package textcomp Info: Setting ul8 sub-encoding to TS1/4 on input line 368.
Package textcomp Info: Setting ul9 sub-encoding to TS1/4 on input line 369.
Package textcomp Info: Setting augie sub-encoding to TS1/5 on input line 370.
Package textcomp Info: Setting dayrom sub-encoding to TS1/3 on input line 371.
Package textcomp Info: Setting dayroms sub-encoding to TS1/3 on input line 372.

Package textcomp Info: Setting pxr sub-encoding to TS1/0 on input line 373.
Package textcomp Info: Setting pxss sub-encoding to TS1/0 on input line 374.
Package textcomp Info: Setting pxtt sub-encoding to TS1/0 on input line 375.
Package textcomp Info: Setting txr sub-encoding to TS1/0 on input line 376.
Package textcomp Info: Setting txss sub-encoding to TS1/0 on input line 377.
Package textcomp Info: Setting txtt sub-encoding to TS1/0 on input line 378.
Package textcomp Info: Setting lmr sub-encoding to TS1/0 on input line 379.
Package textcomp Info: Setting lmdh sub-encoding to TS1/0 on input line 380.
Package textcomp Info: Setting lmss sub-encoding to TS1/0 on input line 381.
Package textcomp Info: Setting lmssq sub-encoding to TS1/0 on input line 382.
Package textcomp Info: Setting lmvtt sub-encoding to TS1/0 on input line 383.
Package textcomp Info: Setting lmtt sub-encoding to TS1/0 on input line 384.
Package textcomp Info: Setting qhv sub-encoding to TS1/0 on input line 385.
Package textcomp Info: Setting qag sub-encoding to TS1/0 on input line 386.
Package textcomp Info: Setting qbk sub-encoding to TS1/0 on input line 387.
Package textcomp Info: Setting qcr sub-encoding to TS1/0 on input line 388.
Package textcomp Info: Setting qcs sub-encoding to TS1/0 on input line 389.
Package textcomp Info: Setting qpl sub-encoding to TS1/0 on input line 390.
Package textcomp Info: Setting qtm sub-encoding to TS1/0 on input line 391.
Package textcomp Info: Setting qzc sub-encoding to TS1/0 on input line 392.
Package textcomp Info: Setting qhvc sub-encoding to TS1/0 on input line 393.
Package textcomp Info: Setting futs sub-encoding to TS1/4 on input line 394.
Package textcomp Info: Setting futx sub-encoding to TS1/4 on input line 395.
Package textcomp Info: Setting futj sub-encoding to TS1/4 on input line 396.
Package textcomp Info: Setting hlh sub-encoding to TS1/3 on input line 397.
Package textcomp Info: Setting hls sub-encoding to TS1/3 on input line 398.
Package textcomp Info: Setting hlst sub-encoding to TS1/3 on input line 399.
Package textcomp Info: Setting hlct sub-encoding to TS1/5 on input line 400.
Package textcomp Info: Setting hlx sub-encoding to TS1/5 on input line 401.
Package textcomp Info: Setting hlce sub-encoding to TS1/5 on input line 402.
Package textcomp Info: Setting hlcn sub-encoding to TS1/5 on input line 403.
Package textcomp Info: Setting hlcw sub-encoding to TS1/5 on input line 404.
Package textcomp Info: Setting hlcf sub-encoding to TS1/5 on input line 405.
Package textcomp Info: Setting pplx sub-encoding to TS1/3 on input line 406.
Package textcomp Info: Setting pplj sub-encoding to TS1/3 on input line 407.
Package textcomp Info: Setting ptmx sub-encoding to TS1/4 on input line 408.
Package textcomp Info: Setting ptmj sub-encoding to TS1/4 on input line 409.
)
(/usr/local/texlive/2015/texmf-dist/tex/latex/geometry/geometry.sty
Package: geometry 2010/09/12 v5.6 Page Geometry

(/usr/local/texlive/2015/texmf-dist/tex/generic/oberdiek/ifpdf.sty
Package: ifpdf 2011/01/30 v2.3 Provides the ifpdf switch (HO)
Package ifpdf Info: pdfTeX in PDF mode is not detected.
)
(/usr/local/texlive/2015/texmf-dist/tex/generic/oberdiek/ifvtex.sty
Package: ifvtex 2010/03/01 v1.5 Detect VTeX and its facilities (HO)
Package ifvtex Info: VTeX not detected.
)
(/usr/local/texlive/2015/texmf-dist/tex/generic/ifxetex/ifxetex.sty
Package: ifxetex 2010/09/12 v0.6 Provides ifxetex conditional
)
\Gm@cnth=\count139
\Gm@cntv=\count140
\c@Gm@tempcnt=\count141
\Gm@bindingoffset=\dimen173
\Gm@wd@mp=\dimen174
\Gm@odd@mp=\dimen175
\Gm@even@mp=\dimen176
\Gm@layoutwidth=\dimen177
\Gm@layoutheight=\dimen178
\Gm@layouthoffset=\dimen179
\Gm@layoutvoffset=\dimen180
\Gm@dimlist=\toks19
)
(/usr/local/texlive/2015/texmf-dist/tex/latex/algorithms/algorithm.sty
Invalid UTF-8 byte or sequence at line 11 replaced by U+FFFD.
Package: algorithm 2009/08/24 v0.1 Document Style `algorithm' - floating enviro
nment

(/usr/local/texlive/2015/texmf-dist/tex/latex/base/ifthen.sty
Package: ifthen 2014/09/29 v1.1c Standard LaTeX ifthen package (DPC)
)
\@float@every@algorithm=\toks20
\c@algorithm=\count142
)
(/usr/local/texlive/2015/texmf-dist/tex/latex/algorithms/algorithmic.sty
Invalid UTF-8 byte or sequence at line 11 replaced by U+FFFD.
Package: algorithmic 2009/08/24 v0.1 Document Style `algorithmic'
\c@ALC@unique=\count143
\c@ALC@line=\count144
\c@ALC@rem=\count145
\c@ALC@depth=\count146
\ALC@tlm=\skip56
\algorithmicindent=\skip57
)
(/usr/local/texlive/2015/texmf-dist/tex/latex/base/latexsym.sty
Package: latexsym 1998/08/17 v2.2e Standard LaTeX package (lasy symbols)
\symlasy=\mathgroup4
LaTeX Font Info:    Overwriting symbol font `lasy' in version `bold'
(Font)                  U/lasy/m/n --> U/lasy/b/n on input line 52.
)
(/usr/local/texlive/2015/texmf-dist/tex/latex/natbib/natbib.sty
Package: natbib 2010/09/13 8.31b (PWD, AO)
\bibhang=\skip58
\bibsep=\skip59
LaTeX Info: Redefining \cite on input line 694.
\c@NAT@ctr=\count147
)
(/usr/local/texlive/2015/texmf-dist/tex/latex/listings/listings.sty
\lst@mode=\count148
\lst@gtempboxa=\box72
\lst@token=\toks21
\lst@length=\count149
\lst@currlwidth=\dimen181
\lst@column=\count150
\lst@pos=\count151
\lst@lostspace=\dimen182
\lst@width=\dimen183
\lst@newlines=\count152
\lst@lineno=\count153
\lst@maxwidth=\dimen184

(/usr/local/texlive/2015/texmf-dist/tex/latex/listings/lstmisc.sty
File: lstmisc.sty 2014/09/06 1.5e (Carsten Heinz)
\c@lstnumber=\count154
\lst@skipnumbers=\count155
\lst@framebox=\box73
)
(/usr/local/texlive/2015/texmf-dist/tex/latex/listings/listings.cfg
File: listings.cfg 2014/09/06 1.5e listings configuration
))
Package: listings 2014/09/06 1.5e (Carsten Heinz)

(/usr/local/texlive/2015/texmf-dist/tex/latex/minted/minted.sty
Package: minted 2011/09/17 v1.7 Yet another Pygments shim for LaTeX

(/usr/local/texlive/2015/texmf-dist/tex/latex/fancyvrb/fancyvrb.sty
Package: fancyvrb 2008/02/07

Style option: `fancyvrb' v2.7a, with DG/SPQR fixes, and firstline=lastline fix 
<2008/02/07> (tvz)
\FV@CodeLineNo=\count156
\FV@InFile=\read2
\FV@TabBox=\box74
\c@FancyVerbLine=\count157
\FV@StepNumber=\count158
\FV@OutFile=\write3
)
(/usr/local/texlive/2015/texmf-dist/tex/latex/tools/calc.sty
Package: calc 2014/10/28 v4.3 Infix arithmetic (KKT,FJ)
\calc@Acount=\count159
\calc@Bcount=\count160
\calc@Adimen=\dimen185
\calc@Bdimen=\dimen186
\calc@Askip=\skip60
\calc@Bskip=\skip61
LaTeX Info: Redefining \setlength on input line 80.
LaTeX Info: Redefining \addtolength on input line 81.
\calc@Ccount=\count161
\calc@Cskip=\skip62
)
(/usr/local/texlive/2015/texmf-dist/tex/latex/ifplatform/ifplatform.sty
Package: ifplatform 2010/10/22 v0.4 Testing for the operating system

(/usr/local/texlive/2015/texmf-dist/tex/generic/oberdiek/pdftexcmds.sty
Package: pdftexcmds 2011/11/29 v0.20 Utility functions of pdfTeX for LuaTeX (HO
)

(/usr/local/texlive/2015/texmf-dist/tex/generic/oberdiek/infwarerr.sty
Package: infwarerr 2010/04/08 v1.3 Providing info/warning/error messages (HO)
)
(/usr/local/texlive/2015/texmf-dist/tex/generic/oberdiek/ifluatex.sty
Package: ifluatex 2010/03/01 v1.3 Provides the ifluatex switch (HO)
Package ifluatex Info: LuaTeX not detected.
)
(/usr/local/texlive/2015/texmf-dist/tex/generic/oberdiek/ltxcmds.sty
Package: ltxcmds 2011/11/09 v1.22 LaTeX kernel commands for general use (HO)
)
Package pdftexcmds Info: LuaTeX not detected.
Package pdftexcmds Info: pdfTeX >= 1.30 not detected.
Package pdftexcmds Info: \pdf@primitive is available.
Package pdftexcmds Info: \pdf@ifprimitive is available.
Package pdftexcmds Info: \pdfdraftmode not found.
)
(/usr/local/texlive/2015/texmf-dist/tex/generic/oberdiek/catchfile.sty
Package: catchfile 2011/03/01 v1.6 Catch the contents of a file (HO)

(/usr/local/texlive/2015/texmf-dist/tex/generic/oberdiek/etexcmds.sty
Package: etexcmds 2011/02/16 v1.5 Avoid name clashes with e-TeX commands (HO)
Package etexcmds Info: Could not find \expanded.
(etexcmds)             That can mean that you are not using pdfTeX 1.50 or
(etexcmds)             that some package has redefined \expanded.
(etexcmds)             In the latter case, load this package earlier.
))
runsystem(uname -s > "AndroidService.w18")...executed.


(./AndroidService.w18)
runsystem(rm -- "AndroidService.w18")...executed.

)
\minted@bgbox=\box75
\minted@code=\write4
\@float@every@listing=\toks22
\c@listing=\count162
)
runsystem(which pygmentize && touch AndroidService.aex)...executed.

runsystem(rm AndroidService.aex)...executed.


(/usr/local/texlive/2015/texmf-dist/tex/latex/hyperref/hyperref.sty
Package: hyperref 2012/11/06 v6.83m Hypertext links for LaTeX

(/usr/local/texlive/2015/texmf-dist/tex/generic/oberdiek/hobsub-hyperref.sty
Package: hobsub-hyperref 2012/05/28 v1.13 Bundle oberdiek, subset hyperref (HO)


(/usr/local/texlive/2015/texmf-dist/tex/generic/oberdiek/hobsub-generic.sty
Package: hobsub-generic 2012/05/28 v1.13 Bundle oberdiek, subset generic (HO)
Package: hobsub 2012/05/28 v1.13 Construct package bundles (HO)
Package hobsub Info: Skipping package `infwarerr' (already loaded).
Package hobsub Info: Skipping package `ltxcmds' (already loaded).
Package hobsub Info: Skipping package `ifluatex' (already loaded).
Package hobsub Info: Skipping package `ifvtex' (already loaded).
Package: intcalc 2007/09/27 v1.1 Expandable calculations with integers (HO)
Package hobsub Info: Skipping package `ifpdf' (already loaded).
Package hobsub Info: Skipping package `etexcmds' (already loaded).
Package: kvsetkeys 2012/04/25 v1.16 Key value parser (HO)
Package: kvdefinekeys 2011/04/07 v1.3 Define keys (HO)
Package hobsub Info: Skipping package `pdftexcmds' (already loaded).
Package: pdfescape 2011/11/25 v1.13 Implements pdfTeX's escape features (HO)
Package: bigintcalc 2012/04/08 v1.3 Expandable calculations on big integers (HO
)
Package: bitset 2011/01/30 v1.1 Handle bit-vector datatype (HO)
Package: uniquecounter 2011/01/30 v1.2 Provide unlimited unique counter (HO)
)
Package hobsub Info: Skipping package `hobsub' (already loaded).
Package: letltxmacro 2010/09/02 v1.4 Let assignment for LaTeX macros (HO)
Package: hopatch 2012/05/28 v1.2 Wrapper for package hooks (HO)
Package: xcolor-patch 2011/01/30 xcolor patch
Package: atveryend 2011/06/30 v1.8 Hooks at the very end of document (HO)
Package atveryend Info: \enddocument detected (standard20110627).
Package: atbegshi 2011/10/05 v1.16 At begin shipout hook (HO)
Package: refcount 2011/10/16 v3.4 Data extraction from label references (HO)
Package: hycolor 2011/01/30 v1.7 Color options for hyperref/bookmark (HO)
)
(/usr/local/texlive/2015/texmf-dist/tex/latex/oberdiek/auxhook.sty
Package: auxhook 2011/03/04 v1.3 Hooks for auxiliary files (HO)
)
(/usr/local/texlive/2015/texmf-dist/tex/latex/oberdiek/kvoptions.sty
Package: kvoptions 2011/06/30 v3.11 Key value format for package options (HO)
)
\@linkdim=\dimen187
\Hy@linkcounter=\count163
\Hy@pagecounter=\count164

(/usr/local/texlive/2015/texmf-dist/tex/latex/hyperref/pd1enc.def
File: pd1enc.def 2012/11/06 v6.83m Hyperref: PDFDocEncoding definition (HO)
)
\Hy@SavedSpaceFactor=\count165

(/usr/local/texlive/2015/texmf-dist/tex/latex/latexconfig/hyperref.cfg
File: hyperref.cfg 2002/06/06 v1.2 hyperref configuration of TeXLive
)
Package hyperref Info: Option `colorlinks' set `true' on input line 4319.
Package hyperref Info: Option `CJKbookmarks' set `true' on input line 4319.
Package hyperref Info: Hyper figures OFF on input line 4443.
Package hyperref Info: Link nesting OFF on input line 4448.
Package hyperref Info: Hyper index ON on input line 4451.
Package hyperref Info: Plain pages OFF on input line 4458.
Package hyperref Info: Backreferencing OFF on input line 4463.
Package hyperref Info: Implicit mode ON; LaTeX internals redefined.
Package hyperref Info: Bookmarks ON on input line 4688.
\c@Hy@tempcnt=\count166

(/usr/local/texlive/2015/texmf-dist/tex/latex/url/url.sty
\Urlmuskip=\muskip17
Package: url 2013/09/16  ver 3.4  Verb mode for urls, etc.
)
LaTeX Info: Redefining \url on input line 5041.
\XeTeXLinkMargin=\dimen188
\Fld@menulength=\count167
\Field@Width=\dimen189
\Fld@charsize=\dimen190
Package hyperref Info: Hyper figures OFF on input line 6295.
Package hyperref Info: Link nesting OFF on input line 6300.
Package hyperref Info: Hyper index ON on input line 6303.
Package hyperref Info: backreferencing OFF on input line 6310.
Package hyperref Info: Link coloring ON on input line 6313.
Package hyperref Info: Link coloring with OCG OFF on input line 6320.
Package hyperref Info: PDF/A mode OFF on input line 6325.
LaTeX Info: Redefining \ref on input line 6365.
LaTeX Info: Redefining \pageref on input line 6369.
\Hy@abspage=\count168
\c@Item=\count169
\c@Hfootnote=\count170
)

Package hyperref Message: Driver: hxetex.

(/usr/local/texlive/2015/texmf-dist/tex/latex/hyperref/hxetex.def
File: hxetex.def 2012/11/06 v6.83m Hyperref driver for XeTeX

(/usr/local/texlive/2015/texmf-dist/tex/latex/hyperref/puenc.def
File: puenc.def 2012/11/06 v6.83m Hyperref: PDF Unicode definition (HO)
)
(/usr/local/texlive/2015/texmf-dist/tex/generic/oberdiek/stringenc.sty
Package: stringenc 2011/12/02 v1.10 Convert strings between diff. encodings (HO
)
)
\pdfm@box=\box76
\c@Hy@AnnotLevel=\count171
\HyField@AnnotCount=\count172
\Fld@listcount=\count173
\c@bookmark@seq@number=\count174

(/usr/local/texlive/2015/texmf-dist/tex/latex/oberdiek/rerunfilecheck.sty
Package: rerunfilecheck 2011/04/15 v1.7 Rerun checks for auxiliary files (HO)
Package rerunfilecheck Info: Feature \pdfmdfivesum is not available
(rerunfilecheck)             (e.g. pdfTeX or LuaTeX with package `pdftexcmds').

(rerunfilecheck)             Therefore file contents cannot be checked efficien
tly
(rerunfilecheck)             and the loading of the package is aborted.
)
\Hy@SectionHShift=\skip63
)
(/usr/local/texlive/2015/texmf-dist/tex/generic/oberdiek/se-ascii-print.def
File: se-ascii-print.def 2011/12/02 v1.10 stringenc: Printable ASCII characters

)
(/usr/local/texlive/2015/texmf-dist/tex/xelatex/xecjk/xeCJK-listings.sty
Package: xeCJK-listings 2015/05/15 v3.3.2 xeCJK patch file for listings
\l__xeCJK_listings_max_char_int=\count175
\l__xeCJK_listings_flag_int=\count176
)

LaTeX Warning: Unused global option(s):
    [9pt].

No file AndroidService.aux.
\openout1 = `AndroidService.aux'.

LaTeX Font Info:    Checking defaults for OML/cmm/m/it on input line 30.
LaTeX Font Info:    ... okay on input line 30.
LaTeX Font Info:    Checking defaults for T1/cmr/m/n on input line 30.
LaTeX Font Info:    ... okay on input line 30.
LaTeX Font Info:    Checking defaults for OT1/cmr/m/n on input line 30.
LaTeX Font Info:    ... okay on input line 30.
LaTeX Font Info:    Checking defaults for OMS/cmsy/m/n on input line 30.
LaTeX Font Info:    ... okay on input line 30.
LaTeX Font Info:    Checking defaults for OMX/cmex/m/n on input line 30.
LaTeX Font Info:    ... okay on input line 30.
LaTeX Font Info:    Checking defaults for U/cmr/m/n on input line 30.
LaTeX Font Info:    ... okay on input line 30.
LaTeX Font Info:    Checking defaults for EU1/lmr/m/n on input line 30.
LaTeX Font Info:    ... okay on input line 30.
LaTeX Font Info:    Checking defaults for T3/cmr/m/n on input line 30.
LaTeX Font Info:    Try loading font information for T3+cmr on input line 30.
(/usr/local/texlive/2015/texmf-dist/tex/latex/tipa/t3cmr.fd
File: t3cmr.fd 2001/12/31 TIPA font definitions
)
LaTeX Font Info:    ... okay on input line 30.
LaTeX Font Info:    Checking defaults for TS1/cmr/m/n on input line 30.
LaTeX Font Info:    Try loading font information for TS1+cmr on input line 30.

(/usr/local/texlive/2015/texmf-dist/tex/latex/base/ts1cmr.fd
File: ts1cmr.fd 2014/09/29 v2.5h Standard LaTeX font definitions
)
LaTeX Font Info:    ... okay on input line 30.
LaTeX Font Info:    Checking defaults for PD1/pdf/m/n on input line 30.
LaTeX Font Info:    ... okay on input line 30.
LaTeX Font Info:    Checking defaults for PU/pdf/m/n on input line 30.
LaTeX Font Info:    ... okay on input line 30.
.................................................
. fontspec info: "setup-math"
. 
. Adjusting the maths setup (use [no-math] to avoid this).
.................................................
\symlegacymaths=\mathgroup5
LaTeX Font Info:    Overwriting symbol font `legacymaths' in version `bold'
(Font)                  OT1/cmr/m/n --> OT1/cmr/bx/n on input line 30.
LaTeX Font Info:    Redeclaring math accent \acute on input line 30.
LaTeX Font Info:    Redeclaring math accent \grave on input line 30.
LaTeX Font Info:    Redeclaring math accent \ddot on input line 30.
LaTeX Font Info:    Redeclaring math accent \tilde on input line 30.
LaTeX Font Info:    Redeclaring math accent \bar on input line 30.
LaTeX Font Info:    Redeclaring math accent \breve on input line 30.
LaTeX Font Info:    Redeclaring math accent \check on input line 30.
LaTeX Font Info:    Redeclaring math accent \hat on input line 30.
LaTeX Font Info:    Redeclaring math accent \dot on input line 30.
LaTeX Font Info:    Redeclaring math accent \mathring on input line 30.
LaTeX Font Info:    Redeclaring math symbol \colon on input line 30.
LaTeX Font Info:    Redeclaring math symbol \Gamma on input line 30.
LaTeX Font Info:    Redeclaring math symbol \Delta on input line 30.
LaTeX Font Info:    Redeclaring math symbol \Theta on input line 30.
LaTeX Font Info:    Redeclaring math symbol \Lambda on input line 30.
LaTeX Font Info:    Redeclaring math symbol \Xi on input line 30.
LaTeX Font Info:    Redeclaring math symbol \Pi on input line 30.
LaTeX Font Info:    Redeclaring math symbol \Sigma on input line 30.
LaTeX Font Info:    Redeclaring math symbol \Upsilon on input line 30.
LaTeX Font Info:    Redeclaring math symbol \Phi on input line 30.
LaTeX Font Info:    Redeclaring math symbol \Psi on input line 30.
LaTeX Font Info:    Redeclaring math symbol \Omega on input line 30.
LaTeX Font Info:    Redeclaring math symbol \mathdollar on input line 30.
LaTeX Font Info:    Redeclaring symbol font `operators' on input line 30.
LaTeX Font Info:    Encoding `OT1' has changed to `EU1' for symbol font
(Font)              `operators' in the math version `normal' on input line 30.
LaTeX Font Info:    Overwriting symbol font `operators' in version `normal'
(Font)                  OT1/cmr/m/n --> EU1/lmr/m/n on input line 30.
LaTeX Font Info:    Encoding `OT1' has changed to `EU1' for symbol font
(Font)              `operators' in the math version `bold' on input line 30.
LaTeX Font Info:    Overwriting symbol font `operators' in version `bold'
(Font)                  OT1/cmr/bx/n --> EU1/lmr/m/n on input line 30.
LaTeX Font Info:    Overwriting symbol font `operators' in version `normal'
(Font)                  EU1/lmr/m/n --> EU1/lmr/m/n on input line 30.
LaTeX Font Info:    Overwriting math alphabet `\mathit' in version `normal'
(Font)                  OT1/cmr/m/it --> EU1/lmr/m/it on input line 30.
LaTeX Font Info:    Overwriting math alphabet `\mathbf' in version `normal'
(Font)                  OT1/cmr/bx/n --> EU1/lmr/bx/n on input line 30.
LaTeX Font Info:    Overwriting math alphabet `\mathsf' in version `normal'
(Font)                  OT1/cmss/m/n --> EU1/lmss/m/n on input line 30.
LaTeX Font Info:    Overwriting math alphabet `\mathtt' in version `normal'
(Font)                  OT1/cmtt/m/n --> EU1/lmtt/m/n on input line 30.
LaTeX Font Info:    Overwriting symbol font `operators' in version `bold'
(Font)                  EU1/lmr/m/n --> EU1/lmr/bx/n on input line 30.
LaTeX Font Info:    Overwriting math alphabet `\mathit' in version `bold'
(Font)                  OT1/cmr/bx/it --> EU1/lmr/bx/it on input line 30.
LaTeX Font Info:    Overwriting math alphabet `\mathsf' in version `bold'
(Font)                  OT1/cmss/bx/n --> EU1/lmss/bx/n on input line 30.
LaTeX Font Info:    Overwriting math alphabet `\mathtt' in version `bold'
(Font)                  OT1/cmtt/m/n --> EU1/lmtt/bx/n on input line 30.

*geometry* driver: auto-detecting
*geometry* detected driver: xetex
*geometry* verbose mode - [ preamble ] result:
* driver: xetex
* paper: b5paper
* layout: <same size as paper>
* layoutoffset:(h,v)=(0.0pt,0.0pt)
* modes: 
* h-part:(L,W,R)=(34.14322pt, 432.48206pt, 34.14322pt)
* v-part:(T,H,B)=(42.67912pt, 640.18703pt, 28.45274pt)
* \paperwidth=500.7685pt
* \paperheight=711.3189pt
* \textwidth=432.48206pt
* \textheight=640.18703pt
* \oddsidemargin=-38.12677pt
* \evensidemargin=-38.12677pt
* \topmargin=-66.59087pt
* \headheight=12.0pt
* \headsep=25.0pt
* \topskip=10.0pt
* \footskip=30.0pt
* \marginparwidth=9.0pt
* \marginparsep=11.0pt
* \columnsep=10.0pt
* \skip\footins=9.0pt plus 4.0pt minus 2.0pt
* \hoffset=0.0pt
* \voffset=0.0pt
* \mag=1000
* \@twocolumnfalse
* \@twosidefalse
* \@mparswitchfalse
* \@reversemarginfalse
* (1in=72.27pt=25.4mm, 1cm=28.453pt)

\c@lstlisting=\count177
runsystem(pygmentize -S default -f latex > AndroidService.pyg)...executed.

(./AndroidService.pyg)
\AtBeginShipoutBox=\box77
Package hyperref Info: Link coloring ON on input line 30.

(/usr/local/texlive/2015/texmf-dist/tex/latex/hyperref/nameref.sty
Package: nameref 2012/10/27 v2.43 Cross-referencing by name of section

(/usr/local/texlive/2015/texmf-dist/tex/generic/oberdiek/gettitlestring.sty
Package: gettitlestring 2010/12/03 v1.4 Cleanup title references (HO)
)
\c@section@level=\count178
)
LaTeX Info: Redefining \ref on input line 30.
LaTeX Info: Redefining \pageref on input line 30.
LaTeX Info: Redefining \nameref on input line 30.
\@outlinefile=\write5
\openout5 = `AndroidService.out'.



Package hyperref Warning: Rerun to get /PageLabels entry.

LaTeX Font Info:    External font `cmex10' loaded for size
(Font)              <12> on input line 33.
LaTeX Font Info:    External font `cmex10' loaded for size
(Font)              <8> on input line 33.
LaTeX Font Info:    External font `cmex10' loaded for size
(Font)              <6> on input line 33.
LaTeX Font Info:    Try loading font information for U+lasy on input line 33.
(/usr/local/texlive/2015/texmf-dist/tex/latex/base/ulasy.fd
File: ulasy.fd 1998/08/17 v2.2e LaTeX symbol font definitions
)
\tf@toc=\write6
\openout6 = `AndroidService.toc'.

File: ./pic/serviceLifeCycle.png Graphic file (type QTm)

<use  "./pic/serviceLifeCycle.png" >
File: ./pic/serviceCallbacks.png Graphic file (type QTm)
 <use  "./pic/serviceCallbacks.png" >
[1

]
LaTeX Font Info:    External font `cmex10' loaded for size
(Font)              <7> on input line 55.
LaTeX Font Info:    External font `cmex10' loaded for size
(Font)              <5> on input line 55.

*************************************************
* fontspec warning: "script-not-exist"
* 
* Font 'STFangsong' does not contain script 'CJK'.
*************************************************
\g__fontspec_family_STFangsong_int=\count179
LaTeX Font Info:    Try loading font information for EU1+lmtt on input line 86.

(/usr/local/texlive/2015/texmf-dist/tex/latex/euenc/eu1lmtt.fd
File: eu1lmtt.fd 2009/10/30 v1.6 Font defs for Latin Modern
)
.................................................
. fontspec info: "defining-font"
. 
. Font family 'STFangsong(0)' created for font 'STFangsong' with options
. [Script={CJK},AutoFakeBold={4},AutoFakeSlant={0.167}].
. 
. This font family consists of the following shapes:
. 
. * 'normal' with NFSS spec.:
. <->"STFangsong/OT:"
. 
. * 'small caps' with NFSS spec.:
. 
. and font adjustment code:
. 
. 
. * 'bold' with NFSS spec.:
. <->"STFangsong/OT:embolden=4;"
. 
. * 'bold small caps' with NFSS spec.:
. 
. and font adjustment code:
. 
. 
. * 'italic' with NFSS spec.:
. <->"STFangsong/OT:slant=0.167;"
. 
. * 'small caps' with NFSS spec.:
. 
. and font adjustment code:
. 
. 
. * 'bold italic' with NFSS spec.:
. <->"STFangsong/OT:embolden=4;slant=0.167;"
. 
. * 'bold small caps' with NFSS spec.:
. 
. and font adjustment code:
. 
.................................................
File: ./pic/service.png Graphic file (type QTm)

<use  "./pic/service.png" >
Overfull \hbox (129.74593pt too wide) in paragraph at lines 95--96
[] 
 []

[2] [3]
Overfull \hbox (209.77803pt too wide) in paragraph at lines 144--157
 [] 
 []

File: ./pic/location.png Graphic file (type QTm)
<use  "./pic/location.png" >
File: ./pic/category.png Graphic file (type QTm)
 <use  "./pic/category.png" >
Overfull \hbox (30.178pt too wide) in paragraph at lines 166--177
 [] 
 []

[4]
File: ./pic/function.png Graphic file (type QTm)
 <use  "./pic/function.png" >
File: ./pic/serviceThreadDiff.png Graphic file (type QTm)
 <use  "./pic/serviceThreadDiff.png" > [5]
File: ./pic/diff.png Graphic file (type QTm)

<use  "./pic/diff.png" >
\openout3 = `AndroidService.pyg'.

runsystem(pygmentize -l java -f latex -F tokenmerge            -P linenos -P "v
erboptions= " -o AndroidService.out.pyg AndroidService.pyg)...executed.

 (./AndroidService.out.pyg
LaTeX Font Info:    Font shape `EU1/lmtt/bx/n' in size <10> not available
(Font)              Font shape `EU1/lmtt/b/n' tried instead on input line 3.
)
runsystem(rm AndroidService.out.pyg)...executed.

runsystem(rm AndroidService.pyg)...executed.

 [6]
File: ./pic/service2.png Graphic file (type QTm)

<use  "./pic/service2.png" > [7]
Overfull \hbox (90.46794pt too wide) in paragraph at lines 334--335
[][][]$[][][][][] [] [] [] [][][][][][] [] [][][] [] [][][][][][][][][][] [] []
[][][] [] [][][][][][][] [] [][][][] [] [][][][][][][][][][][][][][][][][][][][
][][][][][][][][][][][][][][][][][][][][]$[][] 
 []

\openout3 = `AndroidService.pyg'.

runsystem(pygmentize -l java -f latex -F tokenmerge            -P linenos -P "v
erboptions= " -o AndroidService.out.pyg AndroidService.pyg)...executed.

(./AndroidService.out.pyg)
runsystem(rm AndroidService.out.pyg)...executed.

runsystem(rm AndroidService.pyg)...executed.

\openout3 = `AndroidService.pyg'.

runsystem(pygmentize -l xml -f latex -F tokenmerge            -P linenos -P "ve
rboptions= " -o AndroidService.out.pyg AndroidService.pyg)...executed.

 (./AndroidService.out.pyg [8])
runsystem(rm AndroidService.out.pyg)...executed.

runsystem(rm AndroidService.pyg)...executed.

\openout3 = `AndroidService.pyg'.

runsystem(pygmentize -l java -f latex -F tokenmerge            -P linenos -P "v
erboptions= " -o AndroidService.out.pyg AndroidService.pyg)...executed.


(./AndroidService.out.pyg [9])
runsystem(rm AndroidService.out.pyg)...executed.

runsystem(rm AndroidService.pyg)...executed.

\openout3 = `AndroidService.pyg'.

runsystem(pygmentize -l xml -f latex -F tokenmerge            -P linenos -P "ve
rboptions= " -o AndroidService.out.pyg AndroidService.pyg)...executed.

 (./AndroidService.out.pyg)
runsystem(rm AndroidService.out.pyg)...executed.

runsystem(rm AndroidService.pyg)...executed.


Overfull \hbox (80.32802pt too wide) in paragraph at lines 465--485
 [] 
 []

File: ./pic/log.png Graphic file (type QTm)
<use  "./pic/log.png" >
Overfull \hbox (90.46794pt too wide) in paragraph at lines 496--497
[][][]$[][][][][] [] [] [] [][][][][][] [] [][][] [] [][][][][][][][][][] [] []
[][][] [] [][][][][][][] [] [][][][] [] [][][][][][][][][][][][][][][][][][][][
][][][][][][][][][][][][][][][][][][][][]$[][] 
 []

[10]
Overfull \hbox (90.46794pt too wide) in paragraph at lines 513--514
[][][]$[][][][][] [] [] [] [][][][][][] [] [][][] [] [][][][][][][][][][] [] []
[][][] [] [][][][][][][] [] [][][][] [] [][][][][][][][][][][][][][][][][][][][
][][][][][][][][][][][][][][][][][][][][]$[][] 
 []

\openout3 = `AndroidService.pyg'.

runsystem(pygmentize -l java -f latex -F tokenmerge            -P linenos -P "v
erboptions= " -o AndroidService.out.pyg AndroidService.pyg)...executed.

(./AndroidService.out.pyg)
runsystem(rm AndroidService.out.pyg)...executed.

runsystem(rm AndroidService.pyg)...executed.

\openout3 = `AndroidService.pyg'.

runsystem(pygmentize -l xml -f latex -F tokenmerge            -P linenos -P "ve
rboptions= " -o AndroidService.out.pyg AndroidService.pyg)...executed.

 (./AndroidService.out.pyg [11])
runsystem(rm AndroidService.out.pyg)...executed.

runsystem(rm AndroidService.pyg)...executed.

\openout3 = `AndroidService.pyg'.

runsystem(pygmentize -l java -f latex -F tokenmerge            -P linenos -P "v
erboptions= " -o AndroidService.out.pyg AndroidService.pyg)...executed.


(./AndroidService.out.pyg [12] [13])
runsystem(rm AndroidService.out.pyg)...executed.

runsystem(rm AndroidService.pyg)...executed.

File: ./pic/log2.png Graphic file (type QTm)
 <use  "./pic/log2.png" >
Overfull \hbox (90.46794pt too wide) in paragraph at lines 692--693
[][][]$[][][][][] [] [] [] [][][][][][] [] [][][] [] [][][][][][][][][][] [] []
[][][] [] [][][][][][][] [] [][][][] [] [][][][][][][][][][][][][][][][][][][][
][][][][][][][][][][][][][][][][][][][][]$[][] 
 []

\openout3 = `AndroidService.pyg'.

runsystem(pygmentize -l java -f latex -F tokenmerge            -P linenos -P "v
erboptions= " -o AndroidService.out.pyg AndroidService.pyg)...executed.

(./AndroidService.out.pyg)
runsystem(rm AndroidService.out.pyg)...executed.

runsystem(rm AndroidService.pyg)...executed.

 [14]
File: ./pic/frontService.png Graphic file (type QTm)
 <use  "./pic/frontService.png" >
File: ./pic/use.png Graphic file (type QTm)

<use  "./pic/use.png" > [15]
Overfull \hbox (209.77803pt too wide) in paragraph at lines 758--771
 [] 
 []

File: ./pic/location.png Graphic file (type QTm)
<use  "./pic/location.png" >
File: ./pic/category.png Graphic file (type QTm)
 <use  "./pic/category.png" >
Overfull \hbox (149.558pt too wide) in paragraph at lines 780--802
 [] 
 []

[16] [17]
\openout3 = `AndroidService.pyg'.

runsystem(pygmentize -l java -f latex -F tokenmerge            -P linenos -P "v
erboptions= " -o AndroidService.out.pyg AndroidService.pyg)...executed.

 (./AndroidService.out.pyg [18])
runsystem(rm AndroidService.out.pyg)...executed.

runsystem(rm AndroidService.pyg)...executed.

\openout3 = `AndroidService.pyg'.

runsystem(pygmentize -l xml -f latex -F tokenmerge            -P linenos -P "ve
rboptions= " -o AndroidService.out.pyg AndroidService.pyg)...executed.

 (./AndroidService.out.pyg)
runsystem(rm AndroidService.out.pyg)...executed.

runsystem(rm AndroidService.pyg)...executed.

\openout3 = `AndroidService.pyg'.

runsystem(pygmentize -l java -f latex -F tokenmerge            -P linenos -P "v
erboptions= " -o AndroidService.out.pyg AndroidService.pyg)...executed.


(./AndroidService.out.pyg)
runsystem(rm AndroidService.out.pyg)...executed.

runsystem(rm AndroidService.pyg)...executed.

\openout3 = `AndroidService.pyg'.

runsystem(pygmentize -l java -f latex -F tokenmerge            -P linenos -P "v
erboptions= " -o AndroidService.out.pyg AndroidService.pyg)...executed.

 (./AndroidService.out.pyg [19])
runsystem(rm AndroidService.out.pyg)...executed.

runsystem(rm AndroidService.pyg)...executed.

File: ./pic/IntentService.png Graphic file (type QTm)

<use  "./pic/IntentService.png" >
\openout3 = `AndroidService.pyg'.

runsystem(pygmentize -l java -f latex -F tokenmerge            -P linenos -P "v
erboptions= " -o AndroidService.out.pyg AndroidService.pyg)...executed.

 (./AndroidService.out.pyg [20])
runsystem(rm AndroidService.out.pyg)...executed.

runsystem(rm AndroidService.pyg)...executed.

\openout3 = `AndroidService.pyg'.

runsystem(pygmentize -l java -f latex -F tokenmerge            -P linenos -P "v
erboptions= " -o AndroidService.out.pyg AndroidService.pyg)...executed.


(./AndroidService.out.pyg [21])
runsystem(rm AndroidService.out.pyg)...executed.

runsystem(rm AndroidService.pyg)...executed.

\openout3 = `AndroidService.pyg'.

runsystem(pygmentize -l java -f latex -F tokenmerge            -P linenos -P "v
erboptions= " -o AndroidService.out.pyg AndroidService.pyg)...executed.

 (./AndroidService.out.pyg)
runsystem(rm AndroidService.out.pyg)...executed.

runsystem(rm AndroidService.pyg)...executed.

\openout3 = `AndroidService.pyg'.

runsystem(pygmentize -l java -f latex -F tokenmerge            -P linenos -P "v
erboptions= " -o AndroidService.out.pyg AndroidService.pyg)...executed.


(./AndroidService.out.pyg [22])
runsystem(rm AndroidService.out.pyg)...executed.

runsystem(rm AndroidService.pyg)...executed.


Overfull \hbox (29.508pt too wide) in paragraph at lines 1109--1120
 [] 
 []

File: ./pic/serviceIntentService.png Graphic file (type QTm)
<use  "./pic/serviceIntentService.png" > [23]
File: ./pic/diff2.png Graphic file (type QTm)
 <use  "./pic/diff2.png" >
Overfull \hbox (139.83804pt too wide) in paragraph at lines 1163--1176
 [] 
 []

File: ./pic/remoteService.png Graphic file (type QTm)
<use  "./pic/remoteService.png" > [24]
\openout3 = `AndroidService.pyg'.

runsystem(pygmentize -l java -f latex -F tokenmerge            -P linenos -P "v
erboptions= " -o AndroidService.out.pyg AndroidService.pyg)...executed.

 (./AndroidService.out.pyg)
runsystem(rm AndroidService.out.pyg)...executed.

runsystem(rm AndroidService.pyg)...executed.

\openout3 = `AndroidService.pyg'.

runsystem(pygmentize -l java -f latex -F tokenmerge            -P linenos -P "v
erboptions= " -o AndroidService.out.pyg AndroidService.pyg)...executed.


(./AndroidService.out.pyg [25])
runsystem(rm AndroidService.out.pyg)...executed.

runsystem(rm AndroidService.pyg)...executed.

\openout3 = `AndroidService.pyg'.

runsystem(pygmentize -l xml -f latex -F tokenmerge            -P linenos -P "ve
rboptions= " -o AndroidService.out.pyg AndroidService.pyg)...executed.

 (./AndroidService.out.pyg)
runsystem(rm AndroidService.out.pyg)...executed.

runsystem(rm AndroidService.pyg)...executed.

\openout3 = `AndroidService.pyg'.

runsystem(pygmentize -l xml -f latex -F tokenmerge            -P linenos -P "ve
rboptions= " -o AndroidService.out.pyg AndroidService.pyg)...executed.


(./AndroidService.out.pyg [26])
runsystem(rm AndroidService.out.pyg)...executed.

runsystem(rm AndroidService.pyg)...executed.

\openout3 = `AndroidService.pyg'.

runsystem(pygmentize -l java -f latex -F tokenmerge            -P linenos -P "v
erboptions= " -o AndroidService.out.pyg AndroidService.pyg)...executed.

 (./AndroidService.out.pyg [27])
runsystem(rm AndroidService.out.pyg)...executed.

runsystem(rm AndroidService.pyg)...executed.

File: ./pic/serverClient.png Graphic file (type QTm)

<use  "./pic/serverClient.png" >
File: ./pic/screenAdapter.png Graphic file (type QTm)
 <use  "./pic/screenAdapter.png" > [28]
[29]
File: ./pic/density2.png Graphic file (type QTm)
 <use  "./pic/density2.png" >
File: ./pic/density3.png Graphic file (type QTm)
 <use  "./pic/density3.png" > [30] [31]
File: ./pic/screenSize.png Graphic file (type QTm)

<use  "./pic/screenSize.png" > [32]
\openout3 = `AndroidService.pyg'.

runsystem(pygmentize -l xml -f latex -F tokenmerge            -P linenos -P "ve
rboptions= " -o AndroidService.out.pyg AndroidService.pyg)...executed.

 (./AndroidService.out.pyg [33])
runsystem(rm AndroidService.out.pyg)...executed.

runsystem(rm AndroidService.pyg)...executed.

\openout3 = `AndroidService.pyg'.

runsystem(pygmentize -l xml -f latex -F tokenmerge            -P linenos -P "ve
rboptions= " -o AndroidService.out.pyg AndroidService.pyg)...executed.


(./AndroidService.out.pyg)
runsystem(rm AndroidService.out.pyg)...executed.

runsystem(rm AndroidService.pyg)...executed.

\openout3 = `AndroidService.pyg'.

runsystem(pygmentize -l xml -f latex -F tokenmerge            -P linenos -P "ve
rboptions= " -o AndroidService.out.pyg AndroidService.pyg)...executed.

 (./AndroidService.out.pyg)
runsystem(rm AndroidService.out.pyg)...executed.

runsystem(rm AndroidService.pyg)...executed.

 [34]
\openout3 = `AndroidService.pyg'.

runsystem(pygmentize -l xml -f latex -F tokenmerge            -P linenos -P "ve
rboptions= " -o AndroidService.out.pyg AndroidService.pyg)...executed.


(./AndroidService.out.pyg)
runsystem(rm AndroidService.out.pyg)...executed.

runsystem(rm AndroidService.pyg)...executed.

\openout3 = `AndroidService.pyg'.

runsystem(pygmentize -l xml -f latex -F tokenmerge            -P linenos -P "ve
rboptions= " -o AndroidService.out.pyg AndroidService.pyg)...executed.

 (./AndroidService.out.pyg)
runsystem(rm AndroidService.out.pyg)...executed.

runsystem(rm AndroidService.pyg)...executed.

Missing character: There is no  in font [lmroman10-regular]:mapping=tex-text!

Overfull \hbox (0.59793pt too wide) in paragraph at lines 1801--1802
[]\EU1/STSong(0)/m/n/10     \EU1/lmr/m/n/10 >7 \EU1/STSong(0)/m/n/10    
       |\EU1/lmr/m/n/10 Android 3.2 \EU1/STSong(0)/m/n/10 | \EU1/lmr/m
/n/10 res/layout-sw600dp/main.xml 
 []

[35]
\openout3 = `AndroidService.pyg'.

runsystem(pygmentize -l xml -f latex -F tokenmerge            -P linenos -P "ve
rboptions= " -o AndroidService.out.pyg AndroidService.pyg)...executed.

 (./AndroidService.out.pyg)
runsystem(rm AndroidService.out.pyg)...executed.

runsystem(rm AndroidService.pyg)...executed.

\openout3 = `AndroidService.pyg'.

runsystem(pygmentize -l xml -f latex -F tokenmerge            -P linenos -P "ve
rboptions= " -o AndroidService.out.pyg AndroidService.pyg)...executed.

 (./AndroidService.out.pyg)
runsystem(rm AndroidService.out.pyg)...executed.

runsystem(rm AndroidService.pyg)...executed.

\openout3 = `AndroidService.pyg'.

runsystem(pygmentize -l xml -f latex -F tokenmerge            -P linenos -P "ve
rboptions= " -o AndroidService.out.pyg AndroidService.pyg)...executed.


(./AndroidService.out.pyg [36])
runsystem(rm AndroidService.out.pyg)...executed.

runsystem(rm AndroidService.pyg)...executed.

\openout3 = `AndroidService.pyg'.

runsystem(pygmentize -l xml -f latex -F tokenmerge            -P linenos -P "ve
rboptions= " -o AndroidService.out.pyg AndroidService.pyg)...executed.

 (./AndroidService.out.pyg)
runsystem(rm AndroidService.out.pyg)...executed.

runsystem(rm AndroidService.pyg)...executed.

\openout3 = `AndroidService.pyg'.

runsystem(pygmentize -l xml -f latex -F tokenmerge            -P linenos -P "ve
rboptions= " -o AndroidService.out.pyg AndroidService.pyg)...executed.


(./AndroidService.out.pyg)
runsystem(rm AndroidService.out.pyg)...executed.

runsystem(rm AndroidService.pyg)...executed.

\openout3 = `AndroidService.pyg'.

runsystem(pygmentize -l xml -f latex -F tokenmerge            -P linenos -P "ve
rboptions= " -o AndroidService.out.pyg AndroidService.pyg)...executed.

 (./AndroidService.out.pyg [37])
runsystem(rm AndroidService.out.pyg)...executed.

runsystem(rm AndroidService.pyg)...executed.

\openout3 = `AndroidService.pyg'.

runsystem(pygmentize -l xml -f latex -F tokenmerge            -P linenos -P "ve
rboptions= " -o AndroidService.out.pyg AndroidService.pyg)...executed.


(./AndroidService.out.pyg)
runsystem(rm AndroidService.out.pyg)...executed.

runsystem(rm AndroidService.pyg)...executed.

\openout3 = `AndroidService.pyg'.

runsystem(pygmentize -l xml -f latex -F tokenmerge            -P linenos -P "ve
rboptions= " -o AndroidService.out.pyg AndroidService.pyg)...executed.

 (./AndroidService.out.pyg)
runsystem(rm AndroidService.out.pyg)...executed.

runsystem(rm AndroidService.pyg)...executed.

\openout3 = `AndroidService.pyg'.

runsystem(pygmentize -l xml -f latex -F tokenmerge            -P linenos -P "ve
rboptions= " -o AndroidService.out.pyg AndroidService.pyg)...executed.

 (./AndroidService.out.pyg)
runsystem(rm AndroidService.out.pyg)...executed.

runsystem(rm AndroidService.pyg)...executed.

\openout3 = `AndroidService.pyg'.

runsystem(pygmentize -l xml -f latex -F tokenmerge            -P linenos -P "ve
rboptions= " -o AndroidService.out.pyg AndroidService.pyg)...executed.

 (./AndroidService.out.pyg)
runsystem(rm AndroidService.out.pyg)...executed.

runsystem(rm AndroidService.pyg)...executed.

\openout3 = `AndroidService.pyg'.

runsystem(pygmentize -l xml -f latex -F tokenmerge            -P linenos -P "ve
rboptions= " -o AndroidService.out.pyg AndroidService.pyg)...executed.

 (./AndroidService.out.pyg)
runsystem(rm AndroidService.out.pyg)...executed.

runsystem(rm AndroidService.pyg)...executed.

 [38]
Overfull \hbox (27.33794pt too wide) in paragraph at lines 2044--2045
[]\EU1/STSong(0)/m/n/10          |         [][]$[][][][] [] [
] [] [][][][][][] [] [][][][][] [] [][][] [] [][][][][][][][][][][][][][] []
 []

\openout3 = `AndroidService.pyg'.

runsystem(pygmentize -l xml -f latex -F tokenmerge            -P linenos -P "ve
rboptions= " -o AndroidService.out.pyg AndroidService.pyg)...executed.

(./AndroidService.out.pyg)
runsystem(rm AndroidService.out.pyg)...executed.

runsystem(rm AndroidService.pyg)...executed.

\openout3 = `AndroidService.pyg'.

runsystem(pygmentize -l java -f latex -F tokenmerge            -P linenos -P "v
erboptions= " -o AndroidService.out.pyg AndroidService.pyg)...executed.

 (./AndroidService.out.pyg [39])
runsystem(rm AndroidService.out.pyg)...executed.

runsystem(rm AndroidService.pyg)...executed.

\openout3 = `AndroidService.pyg'.

runsystem(pygmentize -l java -f latex -F tokenmerge            -P linenos -P "v
erboptions= " -o AndroidService.out.pyg AndroidService.pyg)...executed.


(./AndroidService.out.pyg)
runsystem(rm AndroidService.out.pyg)...executed.

runsystem(rm AndroidService.pyg)...executed.

\openout3 = `AndroidService.pyg'.

runsystem(pygmentize -l xml -f latex -F tokenmerge            -P linenos -P "ve
rboptions= " -o AndroidService.out.pyg AndroidService.pyg)...executed.

 (./AndroidService.out.pyg [40])
runsystem(rm AndroidService.out.pyg)...executed.

runsystem(rm AndroidService.pyg)...executed.

\openout3 = `AndroidService.pyg'.

runsystem(pygmentize -l java -f latex -F tokenmerge            -P linenos -P "v
erboptions= " -o AndroidService.out.pyg AndroidService.pyg)...executed.


(./AndroidService.out.pyg)
runsystem(rm AndroidService.out.pyg)...executed.

runsystem(rm AndroidService.pyg)...executed.

\openout3 = `AndroidService.pyg'.

runsystem(pygmentize -l java -f latex -F tokenmerge            -P linenos -P "v
erboptions= " -o AndroidService.out.pyg AndroidService.pyg)...executed.

 (./AndroidService.out.pyg)
runsystem(rm AndroidService.out.pyg)...executed.

runsystem(rm AndroidService.pyg)...executed.

File: ./pic/density.png Graphic file (type QTm)

<use  "./pic/density.png" > [41] [42]
\openout3 = `AndroidService.pyg'.

runsystem(pygmentize -l xml -f latex -F tokenmerge            -P linenos -P "ve
rboptions= " -o AndroidService.out.pyg AndroidService.pyg)...executed.

 (./AndroidService.out.pyg)
runsystem(rm AndroidService.out.pyg)...executed.

runsystem(rm AndroidService.pyg)...executed.

\openout3 = `AndroidService.pyg'.

runsystem(pygmentize -l xml -f latex -F tokenmerge            -P linenos -P "ve
rboptions= " -o AndroidService.out.pyg AndroidService.pyg)...executed.


(./AndroidService.out.pyg [43])
runsystem(rm AndroidService.out.pyg)...executed.

runsystem(rm AndroidService.pyg)...executed.

\openout3 = `AndroidService.pyg'.

runsystem(pygmentize -l xml -f latex -F tokenmerge            -P linenos -P "ve
rboptions= " -o AndroidService.out.pyg AndroidService.pyg)...executed.

 (./AndroidService.out.pyg)
runsystem(rm AndroidService.out.pyg)...executed.

runsystem(rm AndroidService.pyg)...executed.

\openout3 = `AndroidService.pyg'.

runsystem(pygmentize -l xml -f latex -F tokenmerge            -P linenos -P "ve
rboptions= " -o AndroidService.out.pyg AndroidService.pyg)...executed.


(./AndroidService.out.pyg)
runsystem(rm AndroidService.out.pyg)...executed.

runsystem(rm AndroidService.pyg)...executed.

\openout3 = `AndroidService.pyg'.

runsystem(pygmentize -l xml -f latex -F tokenmerge            -P linenos -P "ve
rboptions= " -o AndroidService.out.pyg AndroidService.pyg)...executed.

 (./AndroidService.out.pyg)
runsystem(rm AndroidService.out.pyg)...executed.

runsystem(rm AndroidService.pyg)...executed.

\openout3 = `AndroidService.pyg'.

runsystem(pygmentize -l xml -f latex -F tokenmerge            -P linenos -P "ve
rboptions= " -o AndroidService.out.pyg AndroidService.pyg)...executed.

 (./AndroidService.out.pyg)
runsystem(rm AndroidService.out.pyg)...executed.

runsystem(rm AndroidService.pyg)...executed.

File: ./pic/res.png Graphic file (type QTm)
 <use  "./pic/res.png" >
\openout3 = `AndroidService.pyg'.

runsystem(pygmentize -l xml -f latex -F tokenmerge            -P linenos -P "ve
rboptions= " -o AndroidService.out.pyg AndroidService.pyg)...executed.

 (./AndroidService.out.pyg)
runsystem(rm AndroidService.out.pyg)...executed.

runsystem(rm AndroidService.pyg)...executed.

 [44]
\openout3 = `AndroidService.pyg'.

runsystem(pygmentize -l xml -f latex -F tokenmerge            -P linenos -P "ve
rboptions= " -o AndroidService.out.pyg AndroidService.pyg)...executed.


(./AndroidService.out.pyg)
runsystem(rm AndroidService.out.pyg)...executed.

runsystem(rm AndroidService.pyg)...executed.

 [45] [46]
\openout3 = `AndroidService.pyg'.

runsystem(pygmentize -l java -f latex -F tokenmerge            -P linenos -P "v
erboptions= " -o AndroidService.out.pyg AndroidService.pyg)...executed.

 (./AndroidService.out.pyg)
runsystem(rm AndroidService.out.pyg)...executed.

runsystem(rm AndroidService.pyg)...executed.

Package atveryend Info: Empty hook `BeforeClearDocument' on input line 2602.
 [47]
Package atveryend Info: Empty hook `AfterLastShipout' on input line 2602.

(./AndroidService.aux)
Package atveryend Info: Empty hook `AtVeryEndDocument' on input line 2602.
Package atveryend Info: Empty hook `AtEndAfterFileList' on input line 2602.


LaTeX Warning: Label(s) may have changed. Rerun to get cross-references right.

Package atveryend Info: Empty hook `AtVeryVeryEnd' on input line 2602.
 ) 
Here is how much of TeX's memory you used:
 27619 strings out of 493706
 525005 string characters out of 6145769
 577959 words of memory out of 5000000
 30589 multiletter control sequences out of 15000+600000
 7556 words of font info for 53 fonts, out of 8000000 for 9000
 1328 hyphenation exceptions out of 8191
 46i,8n,69p,10386b,1021s stack positions out of 5000i,500n,10000p,200000b,80000s

Output written on AndroidService.pdf (47 pages).
