\BOOKMARK [1][-]{section.1}{Android：Service生命周期完全解析}{}% 1
\BOOKMARK [2][-]{subsection.1.1}{生命周期 常用方法}{section.1}% 2
\BOOKMARK [1][-]{section.2}{Android 四大组件：一份全面 & 简洁的 Service 知识讲解攻略}{}% 3
\BOOKMARK [2][-]{subsection.2.1}{前言}{section.2}% 4
\BOOKMARK [2][-]{subsection.2.2}{目录}{section.2}% 5
\BOOKMARK [2][-]{subsection.2.3}{简介}{section.2}% 6
\BOOKMARK [2][-]{subsection.2.4}{生命周期}{section.2}% 7
\BOOKMARK [2][-]{subsection.2.5}{类型}{section.2}% 8
\BOOKMARK [3][-]{subsubsection.2.5.1}{具体分类}{subsection.2.5}% 9
\BOOKMARK [3][-]{subsubsection.2.5.2}{详细介绍}{subsection.2.5}% 10
\BOOKMARK [2][-]{subsection.2.6}{使用讲解}{section.2}% 11
\BOOKMARK [2][-]{subsection.2.7}{其他思考}{section.2}% 12
\BOOKMARK [3][-]{subsubsection.2.7.1}{Service 与 Thread的区别}{subsection.2.7}% 13
\BOOKMARK [3][-]{subsubsection.2.7.2}{Service和IntentService的区别}{subsection.2.7}% 14
\BOOKMARK [1][-]{section.3}{Android：（本地、可通信的、前台、远程）Service使用全面介绍}{}% 15
\BOOKMARK [2][-]{subsection.3.1}{前言}{section.3}% 16
\BOOKMARK [2][-]{subsection.3.2}{目录}{section.3}% 17
\BOOKMARK [2][-]{subsection.3.3}{Service分类}{section.3}% 18
\BOOKMARK [3][-]{subsubsection.3.3.1}{Service的类型}{subsection.3.3}% 19
\BOOKMARK [3][-]{subsubsection.3.3.2}{特点}{subsection.3.3}% 20
\BOOKMARK [2][-]{subsection.3.4}{具体使用解析}{section.3}% 21
\BOOKMARK [3][-]{subsubsection.3.4.1}{本地Service}{subsection.3.4}% 22
\BOOKMARK [3][-]{subsubsection.3.4.2}{可通信的服务Service}{subsection.3.4}% 23
\BOOKMARK [3][-]{subsubsection.3.4.3}{前台Service}{subsection.3.4}% 24
\BOOKMARK [3][-]{subsubsection.3.4.4}{远程Service}{subsection.3.4}% 25
\BOOKMARK [2][-]{subsection.3.5}{使用场景}{section.3}% 26
\BOOKMARK [1][-]{section.4}{Android 多线程 解析：IntentService（含源码解析）}{}% 27
\BOOKMARK [2][-]{subsection.4.1}{前言}{section.4}% 28
\BOOKMARK [2][-]{subsection.4.2}{定义}{section.4}% 29
\BOOKMARK [2][-]{subsection.4.3}{作用}{section.4}% 30
\BOOKMARK [2][-]{subsection.4.4}{使用场景}{section.4}% 31
\BOOKMARK [2][-]{subsection.4.5}{使用步骤}{section.4}% 32
\BOOKMARK [2][-]{subsection.4.6}{实例应用}{section.4}% 33
\BOOKMARK [2][-]{subsection.4.7}{源码分析}{section.4}% 34
\BOOKMARK [3][-]{subsubsection.4.7.1}{IntentService如何单独开启1个新的工作线程}{subsection.4.7}% 35
\BOOKMARK [3][-]{subsubsection.4.7.2}{IntentService 如何通过onStartCommand\(\) 将Intent 传递给服务 & 依次插入到工作队列中}{subsection.4.7}% 36
\BOOKMARK [2][-]{subsection.4.8}{总结}{section.4}% 37
\BOOKMARK [2][-]{subsection.4.9}{注意事项}{section.4}% 38
\BOOKMARK [2][-]{subsection.4.10}{对比}{section.4}% 39
\BOOKMARK [3][-]{subsubsection.4.10.1}{IntentService与Service的区别}{subsection.4.10}% 40
\BOOKMARK [3][-]{subsubsection.4.10.2}{IntentService与其他线程的区别}{subsection.4.10}% 41
\BOOKMARK [2][-]{subsection.4.11}{总结}{section.4}% 42
\BOOKMARK [1][-]{section.5}{Android：远程服务Service（含AIDL & IPC讲解）}{}% 43
\BOOKMARK [2][-]{subsection.5.1}{前言}{section.5}% 44
\BOOKMARK [2][-]{subsection.5.2}{远程服务与本地服务的区别}{section.5}% 45
\BOOKMARK [2][-]{subsection.5.3}{使用场景}{section.5}% 46
\BOOKMARK [2][-]{subsection.5.4}{使用场景}{section.5}% 47
\BOOKMARK [2][-]{subsection.5.5}{具体使用}{section.5}% 48
\BOOKMARK [2][-]{subsection.5.6}{具体实例}{section.5}% 49
\BOOKMARK [3][-]{subsubsection.5.6.1}{服务器端（Service）}{subsection.5.6}% 50
\BOOKMARK [3][-]{subsubsection.5.6.2}{客户端（Client）}{subsection.5.6}% 51
\BOOKMARK [3][-]{subsubsection.5.6.3}{测试结果}{subsection.5.6}% 52
\BOOKMARK [3][-]{subsubsection.5.6.4}{Demo地址}{subsection.5.6}% 53
\BOOKMARK [1][-]{section.6}{Android 屏幕适配：最全面的解决方案}{}% 54
\BOOKMARK [2][-]{subsection.6.1}{前言}{section.6}% 55
\BOOKMARK [2][-]{subsection.6.2}{目录}{section.6}% 56
\BOOKMARK [2][-]{subsection.6.3}{定义}{section.6}% 57
\BOOKMARK [2][-]{subsection.6.4}{相关重要概念}{section.6}% 58
\BOOKMARK [3][-]{subsubsection.6.4.1}{屏幕尺寸}{subsection.6.4}% 59
\BOOKMARK [3][-]{subsubsection.6.4.2}{屏幕分辨率}{subsection.6.4}% 60
\BOOKMARK [3][-]{subsubsection.6.4.3}{屏幕像素密度}{subsection.6.4}% 61
\BOOKMARK [3][-]{subsubsection.6.4.4}{密度无关像素}{subsection.6.4}% 62
\BOOKMARK [3][-]{subsubsection.6.4.5}{独立比例像素}{subsection.6.4}% 63
\BOOKMARK [2][-]{subsection.6.5}{为什么要进行Android屏幕适配}{section.6}% 64
\BOOKMARK [2][-]{subsection.6.6}{屏幕适配问题的本质}{section.6}% 65
\BOOKMARK [3][-]{subsubsection.6.6.1}{屏幕尺寸匹配}{subsection.6.6}% 66
\BOOKMARK [3][-]{subsubsection.6.6.2}{屏幕密度匹配}{subsection.6.6}% 67
